/home/jklymak/project/jklymak/AbHillInter/python
['getMeanVel.py', 'Iso3kmlowU10Amp305f141B059MixRoughPatch100']
processing ../results/Iso3kmlowU10Amp305f141B059MixRoughPatch100/input/Iso3kmlowU10Amp305f141B059MixRoughPatch100
Writing to ../reduceddata/Iso3kmlowU10Amp305f141B059MixRoughPatch100/
<xarray.Dataset>
Dimensions:  (XC: 480, XG: 480, YC: 400, YG: 400, Z: 400, Zl: 400, Zp1: 401, Zu: 400, time: 18)
Coordinates: (12/36)
  * XC       (XC) float64 1.5e+03 4.5e+03 7.5e+03 ... 1.436e+06 1.438e+06
  * YC       (YC) float64 1.5e+03 4.5e+03 7.5e+03 ... 1.196e+06 1.198e+06
  * XG       (XG) float64 0.0 3e+03 6e+03 ... 1.431e+06 1.434e+06 1.437e+06
  * YG       (YG) float64 0.0 3e+03 6e+03 ... 1.191e+06 1.194e+06 1.197e+06
  * Z        (Z) float64 -5.0 -15.0 -25.0 ... -3.975e+03 -3.985e+03 -3.995e+03
  * Zp1      (Zp1) float64 0.0 -10.0 -20.0 -30.0 ... -3.98e+03 -3.99e+03 -4e+03
    ...       ...
    rLowS    (YG, XC) float64 dask.array<chunksize=(400, 480), meta=np.ndarray>
    rhoRef   (Z) float64 dask.array<chunksize=(400,), meta=np.ndarray>
    rLowW    (YC, XG) float64 dask.array<chunksize=(400, 480), meta=np.ndarray>
    rLowC    (YC, XC) float64 dask.array<chunksize=(400, 480), meta=np.ndarray>
    iter     (time) int64 dask.array<chunksize=(1,), meta=np.ndarray>
  * time     (time) timedelta64[ns] 2 days 4 days 6 days ... 34 days 36 days
Data variables:
    VVEL     (time, Z, YG, XC) float64 dask.array<chunksize=(1, 400, 400, 480), meta=np.ndarray>
    UVEL     (time, Z, YC, XG) float64 dask.array<chunksize=(1, 400, 400, 480), meta=np.ndarray>
    THETA    (time, Z, YC, XC) float64 dask.array<chunksize=(1, 400, 400, 480), meta=np.ndarray>
Traceback (most recent call last):
  File "getMeanVel.py", line 45, in <module>
    work.to_zarr(f'{out_dir}/workMean.zarr', mode='w')
  File "/home/jklymak/venvs/AbHillInter2/lib/python3.8/site-packages/xarray/core/dataset.py", line 1790, in to_zarr
    return to_zarr(
  File "/home/jklymak/venvs/AbHillInter2/lib/python3.8/site-packages/xarray/backends/api.py", line 1475, in to_zarr
    dump_to_store(dataset, zstore, writer, encoding=encoding)
  File "/home/jklymak/venvs/AbHillInter2/lib/python3.8/site-packages/xarray/backends/api.py", line 1154, in dump_to_store
    store.store(variables, attrs, check_encoding, writer, unlimited_dims=unlimited_dims)
  File "/home/jklymak/venvs/AbHillInter2/lib/python3.8/site-packages/xarray/backends/zarr.py", line 454, in store
    self.set_variables(
  File "/home/jklymak/venvs/AbHillInter2/lib/python3.8/site-packages/xarray/backends/zarr.py", line 498, in set_variables
    encoding = extract_zarr_variable_encoding(
  File "/home/jklymak/venvs/AbHillInter2/lib/python3.8/site-packages/xarray/backends/zarr.py", line 234, in extract_zarr_variable_encoding
    chunks = _determine_zarr_chunks(
  File "/home/jklymak/venvs/AbHillInter2/lib/python3.8/site-packages/xarray/backends/zarr.py", line 131, in _determine_zarr_chunks
    enc_chunks_tuple = tuple(enc_chunks)
TypeError: 'NoneType' object is not iterable
building file list ... done
Iso3kmlowU10Amp305f141B059MixRoughPatch100/
Iso3kmlowU10Amp305f141B059MixRoughPatch100/workMean.zarr/
Iso3kmlowU10Amp305f141B059MixRoughPatch100/workMean.zarr/.zattrs
Iso3kmlowU10Amp305f141B059MixRoughPatch100/workMean.zarr/.zgroup
Iso3kmlowU10Amp305f141B059MixRoughPatch100/workMean.zarr/PHrefC/
Iso3kmlowU10Amp305f141B059MixRoughPatch100/workMean.zarr/PHrefC/.zarray
Iso3kmlowU10Amp305f141B059MixRoughPatch100/workMean.zarr/PHrefC/.zattrs
Iso3kmlowU10Amp305f141B059MixRoughPatch100/workMean.zarr/Z/
Iso3kmlowU10Amp305f141B059MixRoughPatch100/workMean.zarr/Z/.zarray
Iso3kmlowU10Amp305f141B059MixRoughPatch100/workMean.zarr/Z/.zattrs
Iso3kmlowU10Amp305f141B059MixRoughPatch100/workMean.zarr/Z/0
Iso3kmlowU10Amp305f141B059MixRoughPatch100/workMean.zarr/rhoRef/
Iso3kmlowU10Amp305f141B059MixRoughPatch100/workMean.zarr/rhoRef/.zarray
Iso3kmlowU10Amp305f141B059MixRoughPatch100/workMean.zarr/rhoRef/.zattrs
Iso3kmlowU10Amp305f141B059MixRoughPatch100/workMean.zarr/time/
Iso3kmlowU10Amp305f141B059MixRoughPatch100/workMean.zarr/time/.zarray
Iso3kmlowU10Amp305f141B059MixRoughPatch100/workMean.zarr/time/.zattrs
Iso3kmlowU10Amp305f141B059MixRoughPatch100/workMean.zarr/time/0
Iso3kmlowU10Amp305f141B059MixRoughPatch100/workMean.zarr/work/
Iso3kmlowU10Amp305f141B059MixRoughPatch100/workMean.zarr/work/.zarray
Iso3kmlowU10Amp305f141B059MixRoughPatch100/workMean.zarr/work/.zattrs

sent 14,129 bytes  received 410 bytes  1,710.47 bytes/sec
total size is 369,645,935  speedup is 25,424.44
