/home/jklymak/project/jklymak/AbHillInter/python
['getMeanVel.py', 'Iso3kmlowU10Amp305f141B059MixRoughPatch100']
processing ../results/Iso3kmlowU10Amp305f141B059MixRoughPatch100/input/Iso3kmlowU10Amp305f141B059MixRoughPatch100
Writing to ../reduceddata/Iso3kmlowU10Amp305f141B059MixRoughPatch100/
<xarray.Dataset>
Dimensions:  (XC: 480, XG: 480, YC: 400, YG: 400, Z: 400, Zl: 400, Zp1: 401, Zu: 400, time: 18)
Coordinates: (12/36)
  * XC       (XC) float64 1.5e+03 4.5e+03 7.5e+03 ... 1.436e+06 1.438e+06
  * YC       (YC) float64 1.5e+03 4.5e+03 7.5e+03 ... 1.196e+06 1.198e+06
  * XG       (XG) float64 0.0 3e+03 6e+03 ... 1.431e+06 1.434e+06 1.437e+06
  * YG       (YG) float64 0.0 3e+03 6e+03 ... 1.191e+06 1.194e+06 1.197e+06
  * Z        (Z) float64 -5.0 -15.0 -25.0 ... -3.975e+03 -3.985e+03 -3.995e+03
  * Zp1      (Zp1) float64 0.0 -10.0 -20.0 -30.0 ... -3.98e+03 -3.99e+03 -4e+03
    ...       ...
    rLowS    (YG, XC) float64 dask.array<chunksize=(400, 480), meta=np.ndarray>
    rhoRef   (Z) float64 dask.array<chunksize=(400,), meta=np.ndarray>
    rLowW    (YC, XG) float64 dask.array<chunksize=(400, 480), meta=np.ndarray>
    rLowC    (YC, XC) float64 dask.array<chunksize=(400, 480), meta=np.ndarray>
    iter     (time) int64 dask.array<chunksize=(1,), meta=np.ndarray>
  * time     (time) timedelta64[ns] 2 days 4 days 6 days ... 34 days 36 days
Data variables:
    VVEL     (time, Z, YG, XC) float64 dask.array<chunksize=(1, 400, 400, 480), meta=np.ndarray>
    UVEL     (time, Z, YC, XG) float64 dask.array<chunksize=(1, 400, 400, 480), meta=np.ndarray>
    THETA    (time, Z, YC, XC) float64 dask.array<chunksize=(1, 400, 400, 480), meta=np.ndarray>
Traceback (most recent call last):
  File "getMeanVel.py", line 45, in <module>
    work.to_zarr(f'{out_dir}/workMean.zarr', 'w')
  File "/home/jklymak/venvs/AbHillInter2/lib/python3.8/site-packages/xarray/core/dataset.py", line 1790, in to_zarr
    return to_zarr(
  File "/home/jklymak/venvs/AbHillInter2/lib/python3.8/site-packages/xarray/backends/api.py", line 1463, in to_zarr
    zstore = backends.ZarrStore.open_group(
  File "/home/jklymak/venvs/AbHillInter2/lib/python3.8/site-packages/xarray/backends/zarr.py", line 324, in open_group
    zarr_group = zarr.open_group(store, **open_kwargs)
  File "/home/jklymak/venvs/AbHillInter2/lib/python3.8/site-packages/zarr/hierarchy.py", line 1181, in open_group
    raise ContainsGroupError(path)
zarr.errors.ContainsGroupError: path '' contains a group
building file list ... done

sent 10,566 bytes  received 20 bytes  784.15 bytes/sec
total size is 369,644,505  speedup is 34,918.24
