/home/jklymak/project/jklymak/AbHillInter/python
['getWork.py', 'Iso3kmlowU10Amp305f141B059MixRoughPatch100']
processing ../results/Iso3kmlowU10Amp305f141B059MixRoughPatch100/input/Iso3kmlowU10Amp305f141B059MixRoughPatch100
Writing to ../reduceddata/Iso3kmlowU10Amp305f141B059MixRoughPatch100/
keys Coordinates: (12/36)
  * XC       (XC) float64 1.5e+03 4.5e+03 7.5e+03 ... 1.436e+06 1.438e+06
  * YC       (YC) float64 1.5e+03 4.5e+03 7.5e+03 ... 1.196e+06 1.198e+06
  * XG       (XG) float64 0.0 3e+03 6e+03 ... 1.431e+06 1.434e+06 1.437e+06
  * YG       (YG) float64 0.0 3e+03 6e+03 ... 1.191e+06 1.194e+06 1.197e+06
  * Z        (Z) float64 -5.0 -15.0 -25.0 ... -3.975e+03 -3.985e+03 -3.995e+03
  * Zp1      (Zp1) float64 0.0 -10.0 -20.0 -30.0 ... -3.98e+03 -3.99e+03 -4e+03
    ...       ...
    rLowS    (YG, XC) float64 dask.array<chunksize=(400, 480), meta=np.ndarray>
    rhoRef   (Z) float64 dask.array<chunksize=(400,), meta=np.ndarray>
    rLowW    (YC, XG) float64 dask.array<chunksize=(400, 480), meta=np.ndarray>
    rLowC    (YC, XC) float64 dask.array<chunksize=(400, 480), meta=np.ndarray>
    iter     (time) int64 dask.array<chunksize=(1,), meta=np.ndarray>
  * time     (time) timedelta64[ns] 0 days 1 days 2 days ... 17 days 18 days
<xarray.DataArray 'time' (time: 19)>
array([               0,   86400000000000,  172800000000000,  259200000000000,
        345600000000000,  432000000000000,  518400000000000,  604800000000000,
        691200000000000,  777600000000000,  864000000000000,  950400000000000,
       1036800000000000, 1123200000000000, 1209600000000000, 1296000000000000,
       1382400000000000, 1468800000000000, 1555200000000000],
      dtype='timedelta64[ns]')
Coordinates:
    iter     (time) int64 dask.array<chunksize=(1,), meta=np.ndarray>
  * time     (time) timedelta64[ns] 0 days 1 days 2 days ... 17 days 18 days
Attributes:
    standard_name:  time
    long_name:      Time
    axis:           T
    calendar:       gregorian
[                                        ] | 0% Completed |  0.0s[###############                         ] | 38% Completed |  1.5s[###############################         ] | 79% Completed |  1.6s[####################################    ] | 92% Completed |  1.7s[####################################    ] | 92% Completed |  1.8s[####################################    ] | 92% Completed |  1.9s[#####################################   ] | 93% Completed |  2.0s[######################################  ] | 96% Completed |  2.1s[######################################  ] | 96% Completed |  2.2s[######################################  ] | 96% Completed |  2.3s[######################################  ] | 96% Completed |  2.4s[######################################  ] | 96% Completed |  2.5s[######################################  ] | 96% Completed |  2.6s[######################################  ] | 96% Completed |  2.7s[####################################### ] | 98% Completed |  2.8s[####################################### ] | 98% Completed |  2.9s[########################################] | 100% Completed |  3.0s
['getMeanVel.py', 'Iso3kmlowU10Amp305f141B059MixRoughPatch100']
processing ../results/Iso3kmlowU10Amp305f141B059MixRoughPatch100/input/Iso3kmlowU10Amp305f141B059MixRoughPatch100
Writing to ../reduceddata/Iso3kmlowU10Amp305f141B059MixRoughPatch100/
<xarray.Dataset>
Dimensions:  (XC: 480, XG: 480, YC: 400, YG: 400, Z: 400, Zl: 400, Zp1: 401, Zu: 400, time: 9)
Coordinates: (12/36)
  * XC       (XC) float64 1.5e+03 4.5e+03 7.5e+03 ... 1.436e+06 1.438e+06
  * YC       (YC) float64 1.5e+03 4.5e+03 7.5e+03 ... 1.196e+06 1.198e+06
  * XG       (XG) float64 0.0 3e+03 6e+03 ... 1.431e+06 1.434e+06 1.437e+06
  * YG       (YG) float64 0.0 3e+03 6e+03 ... 1.191e+06 1.194e+06 1.197e+06
  * Z        (Z) float64 -5.0 -15.0 -25.0 ... -3.975e+03 -3.985e+03 -3.995e+03
  * Zp1      (Zp1) float64 0.0 -10.0 -20.0 -30.0 ... -3.98e+03 -3.99e+03 -4e+03
    ...       ...
    rLowS    (YG, XC) float64 dask.array<chunksize=(400, 480), meta=np.ndarray>
    rhoRef   (Z) float64 dask.array<chunksize=(400,), meta=np.ndarray>
    rLowW    (YC, XG) float64 dask.array<chunksize=(400, 480), meta=np.ndarray>
    rLowC    (YC, XC) float64 dask.array<chunksize=(400, 480), meta=np.ndarray>
    iter     (time) int64 dask.array<chunksize=(1,), meta=np.ndarray>
  * time     (time) timedelta64[ns] 2 days 4 days 6 days ... 16 days 18 days
Data variables:
    VVEL     (time, Z, YG, XC) float64 dask.array<chunksize=(1, 400, 400, 480), meta=np.ndarray>
    UVEL     (time, Z, YC, XG) float64 dask.array<chunksize=(1, 400, 400, 480), meta=np.ndarray>
    THETA    (time, Z, YC, XC) float64 dask.array<chunksize=(1, 400, 400, 480), meta=np.ndarray>
Traceback (most recent call last):
  File "getMeanVel.py", line 45, in <module>
    work.to_zarr(f'{out_dir}/workMean.zarr')
  File "/home/jklymak/venvs/AbHillInter2/lib/python3.8/site-packages/xarray/core/dataset.py", line 1790, in to_zarr
    return to_zarr(
  File "/home/jklymak/venvs/AbHillInter2/lib/python3.8/site-packages/xarray/backends/api.py", line 1475, in to_zarr
    dump_to_store(dataset, zstore, writer, encoding=encoding)
  File "/home/jklymak/venvs/AbHillInter2/lib/python3.8/site-packages/xarray/backends/api.py", line 1154, in dump_to_store
    store.store(variables, attrs, check_encoding, writer, unlimited_dims=unlimited_dims)
  File "/home/jklymak/venvs/AbHillInter2/lib/python3.8/site-packages/xarray/backends/zarr.py", line 454, in store
    self.set_variables(
  File "/home/jklymak/venvs/AbHillInter2/lib/python3.8/site-packages/xarray/backends/zarr.py", line 498, in set_variables
    encoding = extract_zarr_variable_encoding(
  File "/home/jklymak/venvs/AbHillInter2/lib/python3.8/site-packages/xarray/backends/zarr.py", line 234, in extract_zarr_variable_encoding
    chunks = _determine_zarr_chunks(
  File "/home/jklymak/venvs/AbHillInter2/lib/python3.8/site-packages/xarray/backends/zarr.py", line 131, in _determine_zarr_chunks
    enc_chunks_tuple = tuple(enc_chunks)
TypeError: 'NoneType' object is not iterable
building file list ... done
Iso3kmlowU10Amp305f141B059MixRoughPatch100/
Iso3kmlowU10Amp305f141B059MixRoughPatch100/SliceMid.nc
Iso3kmlowU10Amp305f141B059MixRoughPatch100/SliceMid.zar/
Iso3kmlowU10Amp305f141B059MixRoughPatch100/SliceMid.zar/.zattrs
Iso3kmlowU10Amp305f141B059MixRoughPatch100/SliceMid.zar/.zgroup
Iso3kmlowU10Amp305f141B059MixRoughPatch100/SliceMid.zar/Depth/
Iso3kmlowU10Amp305f141B059MixRoughPatch100/SliceMid.zar/Depth/.zarray
Iso3kmlowU10Amp305f141B059MixRoughPatch100/SliceMid.zar/Depth/.zattrs
Iso3kmlowU10Amp305f141B059MixRoughPatch100/SliceMid.zar/Depth/0
Iso3kmlowU10Amp305f141B059MixRoughPatch100/SliceMid.zar/PHIHYD/
Iso3kmlowU10Amp305f141B059MixRoughPatch100/SliceMid.zar/PHIHYD/.zarray
Iso3kmlowU10Amp305f141B059MixRoughPatch100/SliceMid.zar/PHIHYD/.zattrs
Iso3kmlowU10Amp305f141B059MixRoughPatch100/SliceMid.zar/PHIHYD/0.0.0
Iso3kmlowU10Amp305f141B059MixRoughPatch100/SliceMid.zar/PHIHYD/1.0.0
Iso3kmlowU10Amp305f141B059MixRoughPatch100/SliceMid.zar/PHIHYD/10.0.0
Iso3kmlowU10Amp305f141B059MixRoughPatch100/SliceMid.zar/PHIHYD/11.0.0
Iso3kmlowU10Amp305f141B059MixRoughPatch100/SliceMid.zar/PHIHYD/12.0.0
Iso3kmlowU10Amp305f141B059MixRoughPatch100/SliceMid.zar/PHIHYD/13.0.0
Iso3kmlowU10Amp305f141B059MixRoughPatch100/SliceMid.zar/PHIHYD/14.0.0
Iso3kmlowU10Amp305f141B059MixRoughPatch100/SliceMid.zar/PHIHYD/15.0.0
Iso3kmlowU10Amp305f141B059MixRoughPatch100/SliceMid.zar/PHIHYD/16.0.0
Iso3kmlowU10Amp305f141B059MixRoughPatch100/SliceMid.zar/PHIHYD/17.0.0
Iso3kmlowU10Amp305f141B059MixRoughPatch100/SliceMid.zar/PHIHYD/18.0.0
Iso3kmlowU10Amp305f141B059MixRoughPatch100/SliceMid.zar/PHIHYD/2.0.0
Iso3kmlowU10Amp305f141B059MixRoughPatch100/SliceMid.zar/PHIHYD/3.0.0
Iso3kmlowU10Amp305f141B059MixRoughPatch100/SliceMid.zar/PHIHYD/4.0.0
Iso3kmlowU10Amp305f141B059MixRoughPatch100/SliceMid.zar/PHIHYD/5.0.0
Iso3kmlowU10Amp305f141B059MixRoughPatch100/SliceMid.zar/PHIHYD/6.0.0
Iso3kmlowU10Amp305f141B059MixRoughPatch100/SliceMid.zar/PHIHYD/7.0.0
Iso3kmlowU10Amp305f141B059MixRoughPatch100/SliceMid.zar/PHIHYD/8.0.0
Iso3kmlowU10Amp305f141B059MixRoughPatch100/SliceMid.zar/PHIHYD/9.0.0
Iso3kmlowU10Amp305f141B059MixRoughPatch100/SliceMid.zar/PHrefC/
Iso3kmlowU10Amp305f141B059MixRoughPatch100/SliceMid.zar/PHrefC/.zarray
Iso3kmlowU10Amp305f141B059MixRoughPatch100/SliceMid.zar/PHrefC/.zattrs
Iso3kmlowU10Amp305f141B059MixRoughPatch100/SliceMid.zar/PHrefC/0
Iso3kmlowU10Amp305f141B059MixRoughPatch100/SliceMid.zar/PHrefF/
Iso3kmlowU10Amp305f141B059MixRoughPatch100/SliceMid.zar/PHrefF/.zarray
Iso3kmlowU10Amp305f141B059MixRoughPatch100/SliceMid.zar/PHrefF/.zattrs
Iso3kmlowU10Amp305f141B059MixRoughPatch100/SliceMid.zar/PHrefF/0
Iso3kmlowU10Amp305f141B059MixRoughPatch100/SliceMid.zar/THETA/
Iso3kmlowU10Amp305f141B059MixRoughPatch100/SliceMid.zar/THETA/.zarray
Iso3kmlowU10Amp305f141B059MixRoughPatch100/SliceMid.zar/THETA/.zattrs
Iso3kmlowU10Amp305f141B059MixRoughPatch100/SliceMid.zar/THETA/0.0.0
Iso3kmlowU10Amp305f141B059MixRoughPatch100/SliceMid.zar/THETA/1.0.0
Iso3kmlowU10Amp305f141B059MixRoughPatch100/SliceMid.zar/THETA/10.0.0
Iso3kmlowU10Amp305f141B059MixRoughPatch100/SliceMid.zar/THETA/11.0.0
Iso3kmlowU10Amp305f141B059MixRoughPatch100/SliceMid.zar/THETA/12.0.0
Iso3kmlowU10Amp305f141B059MixRoughPatch100/SliceMid.zar/THETA/13.0.0
Iso3kmlowU10Amp305f141B059MixRoughPatch100/SliceMid.zar/THETA/14.0.0
Iso3kmlowU10Amp305f141B059MixRoughPatch100/SliceMid.zar/THETA/15.0.0
Iso3kmlowU10Amp305f141B059MixRoughPatch100/SliceMid.zar/THETA/16.0.0
Iso3kmlowU10Amp305f141B059MixRoughPatch100/SliceMid.zar/THETA/17.0.0
Iso3kmlowU10Amp305f141B059MixRoughPatch100/SliceMid.zar/THETA/18.0.0
Iso3kmlowU10Amp305f141B059MixRoughPatch100/SliceMid.zar/THETA/2.0.0
Iso3kmlowU10Amp305f141B059MixRoughPatch100/SliceMid.zar/THETA/3.0.0
Iso3kmlowU10Amp305f141B059MixRoughPatch100/SliceMid.zar/THETA/4.0.0
Iso3kmlowU10Amp305f141B059MixRoughPatch100/SliceMid.zar/THETA/5.0.0
Iso3kmlowU10Amp305f141B059MixRoughPatch100/SliceMid.zar/THETA/6.0.0
Iso3kmlowU10Amp305f141B059MixRoughPatch100/SliceMid.zar/THETA/7.0.0
Iso3kmlowU10Amp305f141B059MixRoughPatch100/SliceMid.zar/THETA/8.0.0
Iso3kmlowU10Amp305f141B059MixRoughPatch100/SliceMid.zar/THETA/9.0.0
Iso3kmlowU10Amp305f141B059MixRoughPatch100/SliceMid.zar/UVEL/
Iso3kmlowU10Amp305f141B059MixRoughPatch100/SliceMid.zar/UVEL/.zarray
Iso3kmlowU10Amp305f141B059MixRoughPatch100/SliceMid.zar/UVEL/.zattrs
Iso3kmlowU10Amp305f141B059MixRoughPatch100/SliceMid.zar/UVEL/0.0.0
Iso3kmlowU10Amp305f141B059MixRoughPatch100/SliceMid.zar/UVEL/1.0.0
Iso3kmlowU10Amp305f141B059MixRoughPatch100/SliceMid.zar/UVEL/10.0.0
Iso3kmlowU10Amp305f141B059MixRoughPatch100/SliceMid.zar/UVEL/11.0.0
Iso3kmlowU10Amp305f141B059MixRoughPatch100/SliceMid.zar/UVEL/12.0.0
Iso3kmlowU10Amp305f141B059MixRoughPatch100/SliceMid.zar/UVEL/13.0.0
Iso3kmlowU10Amp305f141B059MixRoughPatch100/SliceMid.zar/UVEL/14.0.0
Iso3kmlowU10Amp305f141B059MixRoughPatch100/SliceMid.zar/UVEL/15.0.0
Iso3kmlowU10Amp305f141B059MixRoughPatch100/SliceMid.zar/UVEL/16.0.0
Iso3kmlowU10Amp305f141B059MixRoughPatch100/SliceMid.zar/UVEL/17.0.0
Iso3kmlowU10Amp305f141B059MixRoughPatch100/SliceMid.zar/UVEL/18.0.0
Iso3kmlowU10Amp305f141B059MixRoughPatch100/SliceMid.zar/UVEL/2.0.0
Iso3kmlowU10Amp305f141B059MixRoughPatch100/SliceMid.zar/UVEL/3.0.0
Iso3kmlowU10Amp305f141B059MixRoughPatch100/SliceMid.zar/UVEL/4.0.0
Iso3kmlowU10Amp305f141B059MixRoughPatch100/SliceMid.zar/UVEL/5.0.0
Iso3kmlowU10Amp305f141B059MixRoughPatch100/SliceMid.zar/UVEL/6.0.0
Iso3kmlowU10Amp305f141B059MixRoughPatch100/SliceMid.zar/UVEL/7.0.0
Iso3kmlowU10Amp305f141B059MixRoughPatch100/SliceMid.zar/UVEL/8.0.0
Iso3kmlowU10Amp305f141B059MixRoughPatch100/SliceMid.zar/UVEL/9.0.0
Iso3kmlowU10Amp305f141B059MixRoughPatch100/SliceMid.zar/VVEL/
Iso3kmlowU10Amp305f141B059MixRoughPatch100/SliceMid.zar/VVEL/.zarray
Iso3kmlowU10Amp305f141B059MixRoughPatch100/SliceMid.zar/VVEL/.zattrs
Iso3kmlowU10Amp305f141B059MixRoughPatch100/SliceMid.zar/VVEL/0.0.0
Iso3kmlowU10Amp305f141B059MixRoughPatch100/SliceMid.zar/VVEL/1.0.0
Iso3kmlowU10Amp305f141B059MixRoughPatch100/SliceMid.zar/VVEL/10.0.0
Iso3kmlowU10Amp305f141B059MixRoughPatch100/SliceMid.zar/VVEL/11.0.0
Iso3kmlowU10Amp305f141B059MixRoughPatch100/SliceMid.zar/VVEL/12.0.0
Iso3kmlowU10Amp305f141B059MixRoughPatch100/SliceMid.zar/VVEL/13.0.0
Iso3kmlowU10Amp305f141B059MixRoughPatch100/SliceMid.zar/VVEL/14.0.0
Iso3kmlowU10Amp305f141B059MixRoughPatch100/SliceMid.zar/VVEL/15.0.0
Iso3kmlowU10Amp305f141B059MixRoughPatch100/SliceMid.zar/VVEL/16.0.0
Iso3kmlowU10Amp305f141B059MixRoughPatch100/SliceMid.zar/VVEL/17.0.0
Iso3kmlowU10Amp305f141B059MixRoughPatch100/SliceMid.zar/VVEL/18.0.0
Iso3kmlowU10Amp305f141B059MixRoughPatch100/SliceMid.zar/VVEL/2.0.0
Iso3kmlowU10Amp305f141B059MixRoughPatch100/SliceMid.zar/VVEL/3.0.0
Iso3kmlowU10Amp305f141B059MixRoughPatch100/SliceMid.zar/VVEL/4.0.0
Iso3kmlowU10Amp305f141B059MixRoughPatch100/SliceMid.zar/VVEL/5.0.0
Iso3kmlowU10Amp305f141B059MixRoughPatch100/SliceMid.zar/VVEL/6.0.0
Iso3kmlowU10Amp305f141B059MixRoughPatch100/SliceMid.zar/VVEL/7.0.0
Iso3kmlowU10Amp305f141B059MixRoughPatch100/SliceMid.zar/VVEL/8.0.0
Iso3kmlowU10Amp305f141B059MixRoughPatch100/SliceMid.zar/VVEL/9.0.0
Iso3kmlowU10Amp305f141B059MixRoughPatch100/SliceMid.zar/WVEL/
Iso3kmlowU10Amp305f141B059MixRoughPatch100/SliceMid.zar/WVEL/.zarray
Iso3kmlowU10Amp305f141B059MixRoughPatch100/SliceMid.zar/WVEL/.zattrs
Iso3kmlowU10Amp305f141B059MixRoughPatch100/SliceMid.zar/WVEL/0.0.0
Iso3kmlowU10Amp305f141B059MixRoughPatch100/SliceMid.zar/WVEL/1.0.0
Iso3kmlowU10Amp305f141B059MixRoughPatch100/SliceMid.zar/WVEL/10.0.0
Iso3kmlowU10Amp305f141B059MixRoughPatch100/SliceMid.zar/WVEL/11.0.0
Iso3kmlowU10Amp305f141B059MixRoughPatch100/SliceMid.zar/WVEL/12.0.0
Iso3kmlowU10Amp305f141B059MixRoughPatch100/SliceMid.zar/WVEL/13.0.0
Iso3kmlowU10Amp305f141B059MixRoughPatch100/SliceMid.zar/WVEL/14.0.0
Iso3kmlowU10Amp305f141B059MixRoughPatch100/SliceMid.zar/WVEL/15.0.0
Iso3kmlowU10Amp305f141B059MixRoughPatch100/SliceMid.zar/WVEL/16.0.0
Iso3kmlowU10Amp305f141B059MixRoughPatch100/SliceMid.zar/WVEL/17.0.0
Iso3kmlowU10Amp305f141B059MixRoughPatch100/SliceMid.zar/WVEL/18.0.0
Iso3kmlowU10Amp305f141B059MixRoughPatch100/SliceMid.zar/WVEL/2.0.0
Iso3kmlowU10Amp305f141B059MixRoughPatch100/SliceMid.zar/WVEL/3.0.0
Iso3kmlowU10Amp305f141B059MixRoughPatch100/SliceMid.zar/WVEL/4.0.0
Iso3kmlowU10Amp305f141B059MixRoughPatch100/SliceMid.zar/WVEL/5.0.0
Iso3kmlowU10Amp305f141B059MixRoughPatch100/SliceMid.zar/WVEL/6.0.0
Iso3kmlowU10Amp305f141B059MixRoughPatch100/SliceMid.zar/WVEL/7.0.0
Iso3kmlowU10Amp305f141B059MixRoughPatch100/SliceMid.zar/WVEL/8.0.0
Iso3kmlowU10Amp305f141B059MixRoughPatch100/SliceMid.zar/WVEL/9.0.0
Iso3kmlowU10Amp305f141B059MixRoughPatch100/SliceMid.zar/XC/
Iso3kmlowU10Amp305f141B059MixRoughPatch100/SliceMid.zar/XC/.zarray
Iso3kmlowU10Amp305f141B059MixRoughPatch100/SliceMid.zar/XC/.zattrs
Iso3kmlowU10Amp305f141B059MixRoughPatch100/SliceMid.zar/XC/0
Iso3kmlowU10Amp305f141B059MixRoughPatch100/SliceMid.zar/XG/
Iso3kmlowU10Amp305f141B059MixRoughPatch100/SliceMid.zar/XG/.zarray
Iso3kmlowU10Amp305f141B059MixRoughPatch100/SliceMid.zar/XG/.zattrs
Iso3kmlowU10Amp305f141B059MixRoughPatch100/SliceMid.zar/XG/0
Iso3kmlowU10Amp305f141B059MixRoughPatch100/SliceMid.zar/YC/
Iso3kmlowU10Amp305f141B059MixRoughPatch100/SliceMid.zar/YC/.zarray
Iso3kmlowU10Amp305f141B059MixRoughPatch100/SliceMid.zar/YC/.zattrs
Iso3kmlowU10Amp305f141B059MixRoughPatch100/SliceMid.zar/YC/0
Iso3kmlowU10Amp305f141B059MixRoughPatch100/SliceMid.zar/YG/
Iso3kmlowU10Amp305f141B059MixRoughPatch100/SliceMid.zar/YG/.zarray
Iso3kmlowU10Amp305f141B059MixRoughPatch100/SliceMid.zar/YG/.zattrs
Iso3kmlowU10Amp305f141B059MixRoughPatch100/SliceMid.zar/YG/0
Iso3kmlowU10Amp305f141B059MixRoughPatch100/SliceMid.zar/Z/
Iso3kmlowU10Amp305f141B059MixRoughPatch100/SliceMid.zar/Z/.zarray
Iso3kmlowU10Amp305f141B059MixRoughPatch100/SliceMid.zar/Z/.zattrs
Iso3kmlowU10Amp305f141B059MixRoughPatch100/SliceMid.zar/Z/0
Iso3kmlowU10Amp305f141B059MixRoughPatch100/SliceMid.zar/Zl/
Iso3kmlowU10Amp305f141B059MixRoughPatch100/SliceMid.zar/Zl/.zarray
Iso3kmlowU10Amp305f141B059MixRoughPatch100/SliceMid.zar/Zl/.zattrs
Iso3kmlowU10Amp305f141B059MixRoughPatch100/SliceMid.zar/Zl/0
Iso3kmlowU10Amp305f141B059MixRoughPatch100/SliceMid.zar/Zp1/
Iso3kmlowU10Amp305f141B059MixRoughPatch100/SliceMid.zar/Zp1/.zarray
Iso3kmlowU10Amp305f141B059MixRoughPatch100/SliceMid.zar/Zp1/.zattrs
Iso3kmlowU10Amp305f141B059MixRoughPatch100/SliceMid.zar/Zp1/0
Iso3kmlowU10Amp305f141B059MixRoughPatch100/SliceMid.zar/Zu/
Iso3kmlowU10Amp305f141B059MixRoughPatch100/SliceMid.zar/Zu/.zarray
Iso3kmlowU10Amp305f141B059MixRoughPatch100/SliceMid.zar/Zu/.zattrs
Iso3kmlowU10Amp305f141B059MixRoughPatch100/SliceMid.zar/Zu/0
Iso3kmlowU10Amp305f141B059MixRoughPatch100/SliceMid.zar/drC/
Iso3kmlowU10Amp305f141B059MixRoughPatch100/SliceMid.zar/drC/.zarray
Iso3kmlowU10Amp305f141B059MixRoughPatch100/SliceMid.zar/drC/.zattrs
Iso3kmlowU10Amp305f141B059MixRoughPatch100/SliceMid.zar/drC/0
Iso3kmlowU10Amp305f141B059MixRoughPatch100/SliceMid.zar/drF/
Iso3kmlowU10Amp305f141B059MixRoughPatch100/SliceMid.zar/drF/.zarray
Iso3kmlowU10Amp305f141B059MixRoughPatch100/SliceMid.zar/drF/.zattrs
Iso3kmlowU10Amp305f141B059MixRoughPatch100/SliceMid.zar/drF/0
Iso3kmlowU10Amp305f141B059MixRoughPatch100/SliceMid.zar/dxC/
Iso3kmlowU10Amp305f141B059MixRoughPatch100/SliceMid.zar/dxC/.zarray
Iso3kmlowU10Amp305f141B059MixRoughPatch100/SliceMid.zar/dxC/.zattrs
Iso3kmlowU10Amp305f141B059MixRoughPatch100/SliceMid.zar/dxC/0
Iso3kmlowU10Amp305f141B059MixRoughPatch100/SliceMid.zar/dxG/
Iso3kmlowU10Amp305f141B059MixRoughPatch100/SliceMid.zar/dxG/.zarray
Iso3kmlowU10Amp305f141B059MixRoughPatch100/SliceMid.zar/dxG/.zattrs
Iso3kmlowU10Amp305f141B059MixRoughPatch100/SliceMid.zar/dxG/0
Iso3kmlowU10Amp305f141B059MixRoughPatch100/SliceMid.zar/dyC/
Iso3kmlowU10Amp305f141B059MixRoughPatch100/SliceMid.zar/dyC/.zarray
Iso3kmlowU10Amp305f141B059MixRoughPatch100/SliceMid.zar/dyC/.zattrs
Iso3kmlowU10Amp305f141B059MixRoughPatch100/SliceMid.zar/dyC/0
Iso3kmlowU10Amp305f141B059MixRoughPatch100/SliceMid.zar/dyG/
Iso3kmlowU10Amp305f141B059MixRoughPatch100/SliceMid.zar/dyG/.zarray
Iso3kmlowU10Amp305f141B059MixRoughPatch100/SliceMid.zar/dyG/.zattrs
Iso3kmlowU10Amp305f141B059MixRoughPatch100/SliceMid.zar/dyG/0
Iso3kmlowU10Amp305f141B059MixRoughPatch100/SliceMid.zar/hFacC/
Iso3kmlowU10Amp305f141B059MixRoughPatch100/SliceMid.zar/hFacC/.zarray
Iso3kmlowU10Amp305f141B059MixRoughPatch100/SliceMid.zar/hFacC/.zattrs
Iso3kmlowU10Amp305f141B059MixRoughPatch100/SliceMid.zar/hFacC/0.0
Iso3kmlowU10Amp305f141B059MixRoughPatch100/SliceMid.zar/hFacS/
Iso3kmlowU10Amp305f141B059MixRoughPatch100/SliceMid.zar/hFacS/.zarray
Iso3kmlowU10Amp305f141B059MixRoughPatch100/SliceMid.zar/hFacS/.zattrs
Iso3kmlowU10Amp305f141B059MixRoughPatch100/SliceMid.zar/hFacS/0.0
Iso3kmlowU10Amp305f141B059MixRoughPatch100/SliceMid.zar/hFacW/
Iso3kmlowU10Amp305f141B059MixRoughPatch100/SliceMid.zar/hFacW/.zarray
Iso3kmlowU10Amp305f141B059MixRoughPatch100/SliceMid.zar/hFacW/.zattrs
Iso3kmlowU10Amp305f141B059MixRoughPatch100/SliceMid.zar/hFacW/0.0
Iso3kmlowU10Amp305f141B059MixRoughPatch100/SliceMid.zar/iter/
Iso3kmlowU10Amp305f141B059MixRoughPatch100/SliceMid.zar/iter/.zarray
Iso3kmlowU10Amp305f141B059MixRoughPatch100/SliceMid.zar/iter/.zattrs
Iso3kmlowU10Amp305f141B059MixRoughPatch100/SliceMid.zar/iter/0
Iso3kmlowU10Amp305f141B059MixRoughPatch100/SliceMid.zar/iter/1
Iso3kmlowU10Amp305f141B059MixRoughPatch100/SliceMid.zar/iter/10
Iso3kmlowU10Amp305f141B059MixRoughPatch100/SliceMid.zar/iter/11
Iso3kmlowU10Amp305f141B059MixRoughPatch100/SliceMid.zar/iter/12
Iso3kmlowU10Amp305f141B059MixRoughPatch100/SliceMid.zar/iter/13
Iso3kmlowU10Amp305f141B059MixRoughPatch100/SliceMid.zar/iter/14
Iso3kmlowU10Amp305f141B059MixRoughPatch100/SliceMid.zar/iter/15
Iso3kmlowU10Amp305f141B059MixRoughPatch100/SliceMid.zar/iter/16
Iso3kmlowU10Amp305f141B059MixRoughPatch100/SliceMid.zar/iter/17
Iso3kmlowU10Amp305f141B059MixRoughPatch100/SliceMid.zar/iter/18
Iso3kmlowU10Amp305f141B059MixRoughPatch100/SliceMid.zar/iter/2
Iso3kmlowU10Amp305f141B059MixRoughPatch100/SliceMid.zar/iter/3
Iso3kmlowU10Amp305f141B059MixRoughPatch100/SliceMid.zar/iter/4
Iso3kmlowU10Amp305f141B059MixRoughPatch100/SliceMid.zar/iter/5
Iso3kmlowU10Amp305f141B059MixRoughPatch100/SliceMid.zar/iter/6
Iso3kmlowU10Amp305f141B059MixRoughPatch100/SliceMid.zar/iter/7
Iso3kmlowU10Amp305f141B059MixRoughPatch100/SliceMid.zar/iter/8
Iso3kmlowU10Amp305f141B059MixRoughPatch100/SliceMid.zar/iter/9
Iso3kmlowU10Amp305f141B059MixRoughPatch100/SliceMid.zar/maskC/
Iso3kmlowU10Amp305f141B059MixRoughPatch100/SliceMid.zar/maskC/.zarray
Iso3kmlowU10Amp305f141B059MixRoughPatch100/SliceMid.zar/maskC/.zattrs
Iso3kmlowU10Amp305f141B059MixRoughPatch100/SliceMid.zar/maskC/0.0
Iso3kmlowU10Amp305f141B059MixRoughPatch100/SliceMid.zar/maskS/
Iso3kmlowU10Amp305f141B059MixRoughPatch100/SliceMid.zar/maskS/.zarray
Iso3kmlowU10Amp305f141B059MixRoughPatch100/SliceMid.zar/maskS/.zattrs
Iso3kmlowU10Amp305f141B059MixRoughPatch100/SliceMid.zar/maskS/0.0
Iso3kmlowU10Amp305f141B059MixRoughPatch100/SliceMid.zar/maskW/
Iso3kmlowU10Amp305f141B059MixRoughPatch100/SliceMid.zar/maskW/.zarray
Iso3kmlowU10Amp305f141B059MixRoughPatch100/SliceMid.zar/maskW/.zattrs
Iso3kmlowU10Amp305f141B059MixRoughPatch100/SliceMid.zar/maskW/0.0
Iso3kmlowU10Amp305f141B059MixRoughPatch100/SliceMid.zar/rA/
Iso3kmlowU10Amp305f141B059MixRoughPatch100/SliceMid.zar/rA/.zarray
Iso3kmlowU10Amp305f141B059MixRoughPatch100/SliceMid.zar/rA/.zattrs
Iso3kmlowU10Amp305f141B059MixRoughPatch100/SliceMid.zar/rA/0
Iso3kmlowU10Amp305f141B059MixRoughPatch100/SliceMid.zar/rAs/
Iso3kmlowU10Amp305f141B059MixRoughPatch100/SliceMid.zar/rAs/.zarray
Iso3kmlowU10Amp305f141B059MixRoughPatch100/SliceMid.zar/rAs/.zattrs
Iso3kmlowU10Amp305f141B059MixRoughPatch100/SliceMid.zar/rAs/0
Iso3kmlowU10Amp305f141B059MixRoughPatch100/SliceMid.zar/rAw/
Iso3kmlowU10Amp305f141B059MixRoughPatch100/SliceMid.zar/rAw/.zarray
Iso3kmlowU10Amp305f141B059MixRoughPatch100/SliceMid.zar/rAw/.zattrs
Iso3kmlowU10Amp305f141B059MixRoughPatch100/SliceMid.zar/rAw/0
Iso3kmlowU10Amp305f141B059MixRoughPatch100/SliceMid.zar/rAz/
Iso3kmlowU10Amp305f141B059MixRoughPatch100/SliceMid.zar/rAz/.zarray
Iso3kmlowU10Amp305f141B059MixRoughPatch100/SliceMid.zar/rAz/.zattrs
Iso3kmlowU10Amp305f141B059MixRoughPatch100/SliceMid.zar/rAz/0
Iso3kmlowU10Amp305f141B059MixRoughPatch100/SliceMid.zar/rLowC/
Iso3kmlowU10Amp305f141B059MixRoughPatch100/SliceMid.zar/rLowC/.zarray
Iso3kmlowU10Amp305f141B059MixRoughPatch100/SliceMid.zar/rLowC/.zattrs
Iso3kmlowU10Amp305f141B059MixRoughPatch100/SliceMid.zar/rLowC/0
Iso3kmlowU10Amp305f141B059MixRoughPatch100/SliceMid.zar/rLowS/
Iso3kmlowU10Amp305f141B059MixRoughPatch100/SliceMid.zar/rLowS/.zarray
Iso3kmlowU10Amp305f141B059MixRoughPatch100/SliceMid.zar/rLowS/.zattrs
Iso3kmlowU10Amp305f141B059MixRoughPatch100/SliceMid.zar/rLowS/0
Iso3kmlowU10Amp305f141B059MixRoughPatch100/SliceMid.zar/rLowW/
Iso3kmlowU10Amp305f141B059MixRoughPatch100/SliceMid.zar/rLowW/.zarray
Iso3kmlowU10Amp305f141B059MixRoughPatch100/SliceMid.zar/rLowW/.zattrs
Iso3kmlowU10Amp305f141B059MixRoughPatch100/SliceMid.zar/rLowW/0
Iso3kmlowU10Amp305f141B059MixRoughPatch100/SliceMid.zar/rSurfC/
Iso3kmlowU10Amp305f141B059MixRoughPatch100/SliceMid.zar/rSurfC/.zarray
Iso3kmlowU10Amp305f141B059MixRoughPatch100/SliceMid.zar/rSurfC/.zattrs
Iso3kmlowU10Amp305f141B059MixRoughPatch100/SliceMid.zar/rSurfC/0
Iso3kmlowU10Amp305f141B059MixRoughPatch100/SliceMid.zar/rSurfS/
Iso3kmlowU10Amp305f141B059MixRoughPatch100/SliceMid.zar/rSurfS/.zarray
Iso3kmlowU10Amp305f141B059MixRoughPatch100/SliceMid.zar/rSurfS/.zattrs
Iso3kmlowU10Amp305f141B059MixRoughPatch100/SliceMid.zar/rSurfS/0
Iso3kmlowU10Amp305f141B059MixRoughPatch100/SliceMid.zar/rSurfW/
Iso3kmlowU10Amp305f141B059MixRoughPatch100/SliceMid.zar/rSurfW/.zarray
Iso3kmlowU10Amp305f141B059MixRoughPatch100/SliceMid.zar/rSurfW/.zattrs
Iso3kmlowU10Amp305f141B059MixRoughPatch100/SliceMid.zar/rSurfW/0
Iso3kmlowU10Amp305f141B059MixRoughPatch100/SliceMid.zar/rhoRef/
Iso3kmlowU10Amp305f141B059MixRoughPatch100/SliceMid.zar/rhoRef/.zarray
Iso3kmlowU10Amp305f141B059MixRoughPatch100/SliceMid.zar/rhoRef/.zattrs
Iso3kmlowU10Amp305f141B059MixRoughPatch100/SliceMid.zar/rhoRef/0
Iso3kmlowU10Amp305f141B059MixRoughPatch100/SliceMid.zar/time/
Iso3kmlowU10Amp305f141B059MixRoughPatch100/SliceMid.zar/time/.zarray
Iso3kmlowU10Amp305f141B059MixRoughPatch100/SliceMid.zar/time/.zattrs
Iso3kmlowU10Amp305f141B059MixRoughPatch100/SliceMid.zar/time/0
Iso3kmlowU10Amp305f141B059MixRoughPatch100/twod.zarr/
Iso3kmlowU10Amp305f141B059MixRoughPatch100/twod.zarr/.zattrs
Iso3kmlowU10Amp305f141B059MixRoughPatch100/twod.zarr/.zgroup
Iso3kmlowU10Amp305f141B059MixRoughPatch100/twod.zarr/Depth/
Iso3kmlowU10Amp305f141B059MixRoughPatch100/twod.zarr/Depth/.zarray
Iso3kmlowU10Amp305f141B059MixRoughPatch100/twod.zarr/Depth/.zattrs
Iso3kmlowU10Amp305f141B059MixRoughPatch100/twod.zarr/Depth/0.0
Iso3kmlowU10Amp305f141B059MixRoughPatch100/twod.zarr/ETAN/
Iso3kmlowU10Amp305f141B059MixRoughPatch100/twod.zarr/ETAN/.zarray
Iso3kmlowU10Amp305f141B059MixRoughPatch100/twod.zarr/ETAN/.zattrs
Iso3kmlowU10Amp305f141B059MixRoughPatch100/twod.zarr/ETAN/0.0.0
Iso3kmlowU10Amp305f141B059MixRoughPatch100/twod.zarr/ETAN/1.0.0
Iso3kmlowU10Amp305f141B059MixRoughPatch100/twod.zarr/ETAN/10.0.0
Iso3kmlowU10Amp305f141B059MixRoughPatch100/twod.zarr/ETAN/11.0.0
Iso3kmlowU10Amp305f141B059MixRoughPatch100/twod.zarr/ETAN/12.0.0
Iso3kmlowU10Amp305f141B059MixRoughPatch100/twod.zarr/ETAN/13.0.0
Iso3kmlowU10Amp305f141B059MixRoughPatch100/twod.zarr/ETAN/14.0.0
Iso3kmlowU10Amp305f141B059MixRoughPatch100/twod.zarr/ETAN/15.0.0
Iso3kmlowU10Amp305f141B059MixRoughPatch100/twod.zarr/ETAN/16.0.0
Iso3kmlowU10Amp305f141B059MixRoughPatch100/twod.zarr/ETAN/17.0.0
Iso3kmlowU10Amp305f141B059MixRoughPatch100/twod.zarr/ETAN/18.0.0
Iso3kmlowU10Amp305f141B059MixRoughPatch100/twod.zarr/ETAN/2.0.0
Iso3kmlowU10Amp305f141B059MixRoughPatch100/twod.zarr/ETAN/3.0.0
Iso3kmlowU10Amp305f141B059MixRoughPatch100/twod.zarr/ETAN/4.0.0
Iso3kmlowU10Amp305f141B059MixRoughPatch100/twod.zarr/ETAN/5.0.0
Iso3kmlowU10Amp305f141B059MixRoughPatch100/twod.zarr/ETAN/6.0.0
Iso3kmlowU10Amp305f141B059MixRoughPatch100/twod.zarr/ETAN/7.0.0
Iso3kmlowU10Amp305f141B059MixRoughPatch100/twod.zarr/ETAN/8.0.0
Iso3kmlowU10Amp305f141B059MixRoughPatch100/twod.zarr/ETAN/9.0.0
Iso3kmlowU10Amp305f141B059MixRoughPatch100/twod.zarr/PHIBOT/
Iso3kmlowU10Amp305f141B059MixRoughPatch100/twod.zarr/PHIBOT/.zarray
Iso3kmlowU10Amp305f141B059MixRoughPatch100/twod.zarr/PHIBOT/.zattrs
Iso3kmlowU10Amp305f141B059MixRoughPatch100/twod.zarr/PHIBOT/0.0.0
Iso3kmlowU10Amp305f141B059MixRoughPatch100/twod.zarr/PHIBOT/1.0.0
Iso3kmlowU10Amp305f141B059MixRoughPatch100/twod.zarr/PHIBOT/10.0.0
Iso3kmlowU10Amp305f141B059MixRoughPatch100/twod.zarr/PHIBOT/11.0.0
Iso3kmlowU10Amp305f141B059MixRoughPatch100/twod.zarr/PHIBOT/12.0.0
Iso3kmlowU10Amp305f141B059MixRoughPatch100/twod.zarr/PHIBOT/13.0.0
Iso3kmlowU10Amp305f141B059MixRoughPatch100/twod.zarr/PHIBOT/14.0.0
Iso3kmlowU10Amp305f141B059MixRoughPatch100/twod.zarr/PHIBOT/15.0.0
Iso3kmlowU10Amp305f141B059MixRoughPatch100/twod.zarr/PHIBOT/16.0.0
Iso3kmlowU10Amp305f141B059MixRoughPatch100/twod.zarr/PHIBOT/17.0.0
Iso3kmlowU10Amp305f141B059MixRoughPatch100/twod.zarr/PHIBOT/18.0.0
Iso3kmlowU10Amp305f141B059MixRoughPatch100/twod.zarr/PHIBOT/2.0.0
Iso3kmlowU10Amp305f141B059MixRoughPatch100/twod.zarr/PHIBOT/3.0.0
Iso3kmlowU10Amp305f141B059MixRoughPatch100/twod.zarr/PHIBOT/4.0.0
Iso3kmlowU10Amp305f141B059MixRoughPatch100/twod.zarr/PHIBOT/5.0.0
Iso3kmlowU10Amp305f141B059MixRoughPatch100/twod.zarr/PHIBOT/6.0.0
Iso3kmlowU10Amp305f141B059MixRoughPatch100/twod.zarr/PHIBOT/7.0.0
Iso3kmlowU10Amp305f141B059MixRoughPatch100/twod.zarr/PHIBOT/8.0.0
Iso3kmlowU10Amp305f141B059MixRoughPatch100/twod.zarr/PHIBOT/9.0.0
Iso3kmlowU10Amp305f141B059MixRoughPatch100/twod.zarr/PHrefC/
Iso3kmlowU10Amp305f141B059MixRoughPatch100/twod.zarr/PHrefC/.zarray
Iso3kmlowU10Amp305f141B059MixRoughPatch100/twod.zarr/PHrefC/.zattrs
Iso3kmlowU10Amp305f141B059MixRoughPatch100/twod.zarr/PHrefC/0
Iso3kmlowU10Amp305f141B059MixRoughPatch100/twod.zarr/PHrefF/
Iso3kmlowU10Amp305f141B059MixRoughPatch100/twod.zarr/PHrefF/.zarray
Iso3kmlowU10Amp305f141B059MixRoughPatch100/twod.zarr/PHrefF/.zattrs
Iso3kmlowU10Amp305f141B059MixRoughPatch100/twod.zarr/PHrefF/0
Iso3kmlowU10Amp305f141B059MixRoughPatch100/twod.zarr/XC/
Iso3kmlowU10Amp305f141B059MixRoughPatch100/twod.zarr/XC/.zarray
Iso3kmlowU10Amp305f141B059MixRoughPatch100/twod.zarr/XC/.zattrs
Iso3kmlowU10Amp305f141B059MixRoughPatch100/twod.zarr/XC/0
Iso3kmlowU10Amp305f141B059MixRoughPatch100/twod.zarr/XG/
Iso3kmlowU10Amp305f141B059MixRoughPatch100/twod.zarr/XG/.zarray
Iso3kmlowU10Amp305f141B059MixRoughPatch100/twod.zarr/XG/.zattrs
Iso3kmlowU10Amp305f141B059MixRoughPatch100/twod.zarr/XG/0
Iso3kmlowU10Amp305f141B059MixRoughPatch100/twod.zarr/YC/
Iso3kmlowU10Amp305f141B059MixRoughPatch100/twod.zarr/YC/.zarray
Iso3kmlowU10Amp305f141B059MixRoughPatch100/twod.zarr/YC/.zattrs
Iso3kmlowU10Amp305f141B059MixRoughPatch100/twod.zarr/YC/0
Iso3kmlowU10Amp305f141B059MixRoughPatch100/twod.zarr/YG/
Iso3kmlowU10Amp305f141B059MixRoughPatch100/twod.zarr/YG/.zarray
Iso3kmlowU10Amp305f141B059MixRoughPatch100/twod.zarr/YG/.zattrs
Iso3kmlowU10Amp305f141B059MixRoughPatch100/twod.zarr/YG/0
Iso3kmlowU10Amp305f141B059MixRoughPatch100/twod.zarr/Z/
Iso3kmlowU10Amp305f141B059MixRoughPatch100/twod.zarr/Z/.zarray
Iso3kmlowU10Amp305f141B059MixRoughPatch100/twod.zarr/Z/.zattrs
Iso3kmlowU10Amp305f141B059MixRoughPatch100/twod.zarr/Z/0
Iso3kmlowU10Amp305f141B059MixRoughPatch100/twod.zarr/Zl/
Iso3kmlowU10Amp305f141B059MixRoughPatch100/twod.zarr/Zl/.zarray
Iso3kmlowU10Amp305f141B059MixRoughPatch100/twod.zarr/Zl/.zattrs
Iso3kmlowU10Amp305f141B059MixRoughPatch100/twod.zarr/Zl/0
Iso3kmlowU10Amp305f141B059MixRoughPatch100/twod.zarr/Zp1/
Iso3kmlowU10Amp305f141B059MixRoughPatch100/twod.zarr/Zp1/.zarray
Iso3kmlowU10Amp305f141B059MixRoughPatch100/twod.zarr/Zp1/.zattrs
Iso3kmlowU10Amp305f141B059MixRoughPatch100/twod.zarr/Zp1/0
Iso3kmlowU10Amp305f141B059MixRoughPatch100/twod.zarr/Zu/
Iso3kmlowU10Amp305f141B059MixRoughPatch100/twod.zarr/Zu/.zarray
Iso3kmlowU10Amp305f141B059MixRoughPatch100/twod.zarr/Zu/.zattrs
Iso3kmlowU10Amp305f141B059MixRoughPatch100/twod.zarr/Zu/0
Iso3kmlowU10Amp305f141B059MixRoughPatch100/twod.zarr/drC/
Iso3kmlowU10Amp305f141B059MixRoughPatch100/twod.zarr/drC/.zarray
Iso3kmlowU10Amp305f141B059MixRoughPatch100/twod.zarr/drC/.zattrs
Iso3kmlowU10Amp305f141B059MixRoughPatch100/twod.zarr/drC/0
Iso3kmlowU10Amp305f141B059MixRoughPatch100/twod.zarr/drF/
Iso3kmlowU10Amp305f141B059MixRoughPatch100/twod.zarr/drF/.zarray
Iso3kmlowU10Amp305f141B059MixRoughPatch100/twod.zarr/drF/.zattrs
Iso3kmlowU10Amp305f141B059MixRoughPatch100/twod.zarr/drF/0
Iso3kmlowU10Amp305f141B059MixRoughPatch100/twod.zarr/dxC/
Iso3kmlowU10Amp305f141B059MixRoughPatch100/twod.zarr/dxC/.zarray
Iso3kmlowU10Amp305f141B059MixRoughPatch100/twod.zarr/dxC/.zattrs
Iso3kmlowU10Amp305f141B059MixRoughPatch100/twod.zarr/dxC/0.0
Iso3kmlowU10Amp305f141B059MixRoughPatch100/twod.zarr/dxG/
Iso3kmlowU10Amp305f141B059MixRoughPatch100/twod.zarr/dxG/.zarray
Iso3kmlowU10Amp305f141B059MixRoughPatch100/twod.zarr/dxG/.zattrs
Iso3kmlowU10Amp305f141B059MixRoughPatch100/twod.zarr/dxG/0.0
Iso3kmlowU10Amp305f141B059MixRoughPatch100/twod.zarr/dyC/
Iso3kmlowU10Amp305f141B059MixRoughPatch100/twod.zarr/dyC/.zarray
Iso3kmlowU10Amp305f141B059MixRoughPatch100/twod.zarr/dyC/.zattrs
Iso3kmlowU10Amp305f141B059MixRoughPatch100/twod.zarr/dyC/0.0
Iso3kmlowU10Amp305f141B059MixRoughPatch100/twod.zarr/dyG/
Iso3kmlowU10Amp305f141B059MixRoughPatch100/twod.zarr/dyG/.zarray
Iso3kmlowU10Amp305f141B059MixRoughPatch100/twod.zarr/dyG/.zattrs
Iso3kmlowU10Amp305f141B059MixRoughPatch100/twod.zarr/dyG/0.0
Iso3kmlowU10Amp305f141B059MixRoughPatch100/twod.zarr/iter/
Iso3kmlowU10Amp305f141B059MixRoughPatch100/twod.zarr/iter/.zarray
Iso3kmlowU10Amp305f141B059MixRoughPatch100/twod.zarr/iter/.zattrs
Iso3kmlowU10Amp305f141B059MixRoughPatch100/twod.zarr/iter/0
Iso3kmlowU10Amp305f141B059MixRoughPatch100/twod.zarr/iter/1
Iso3kmlowU10Amp305f141B059MixRoughPatch100/twod.zarr/iter/10
Iso3kmlowU10Amp305f141B059MixRoughPatch100/twod.zarr/iter/11
Iso3kmlowU10Amp305f141B059MixRoughPatch100/twod.zarr/iter/12
Iso3kmlowU10Amp305f141B059MixRoughPatch100/twod.zarr/iter/13
Iso3kmlowU10Amp305f141B059MixRoughPatch100/twod.zarr/iter/14
Iso3kmlowU10Amp305f141B059MixRoughPatch100/twod.zarr/iter/15
Iso3kmlowU10Amp305f141B059MixRoughPatch100/twod.zarr/iter/16
Iso3kmlowU10Amp305f141B059MixRoughPatch100/twod.zarr/iter/17
Iso3kmlowU10Amp305f141B059MixRoughPatch100/twod.zarr/iter/18
Iso3kmlowU10Amp305f141B059MixRoughPatch100/twod.zarr/iter/2
Iso3kmlowU10Amp305f141B059MixRoughPatch100/twod.zarr/iter/3
Iso3kmlowU10Amp305f141B059MixRoughPatch100/twod.zarr/iter/4
Iso3kmlowU10Amp305f141B059MixRoughPatch100/twod.zarr/iter/5
Iso3kmlowU10Amp305f141B059MixRoughPatch100/twod.zarr/iter/6
Iso3kmlowU10Amp305f141B059MixRoughPatch100/twod.zarr/iter/7
Iso3kmlowU10Amp305f141B059MixRoughPatch100/twod.zarr/iter/8
Iso3kmlowU10Amp305f141B059MixRoughPatch100/twod.zarr/iter/9
Iso3kmlowU10Amp305f141B059MixRoughPatch100/twod.zarr/rA/
Iso3kmlowU10Amp305f141B059MixRoughPatch100/twod.zarr/rA/.zarray
Iso3kmlowU10Amp305f141B059MixRoughPatch100/twod.zarr/rA/.zattrs
Iso3kmlowU10Amp305f141B059MixRoughPatch100/twod.zarr/rA/0.0
Iso3kmlowU10Amp305f141B059MixRoughPatch100/twod.zarr/rAs/
Iso3kmlowU10Amp305f141B059MixRoughPatch100/twod.zarr/rAs/.zarray
Iso3kmlowU10Amp305f141B059MixRoughPatch100/twod.zarr/rAs/.zattrs
Iso3kmlowU10Amp305f141B059MixRoughPatch100/twod.zarr/rAs/0.0
Iso3kmlowU10Amp305f141B059MixRoughPatch100/twod.zarr/rAw/
Iso3kmlowU10Amp305f141B059MixRoughPatch100/twod.zarr/rAw/.zarray
Iso3kmlowU10Amp305f141B059MixRoughPatch100/twod.zarr/rAw/.zattrs
Iso3kmlowU10Amp305f141B059MixRoughPatch100/twod.zarr/rAw/0.0
Iso3kmlowU10Amp305f141B059MixRoughPatch100/twod.zarr/rAz/
Iso3kmlowU10Amp305f141B059MixRoughPatch100/twod.zarr/rAz/.zarray
Iso3kmlowU10Amp305f141B059MixRoughPatch100/twod.zarr/rAz/.zattrs
Iso3kmlowU10Amp305f141B059MixRoughPatch100/twod.zarr/rAz/0.0
Iso3kmlowU10Amp305f141B059MixRoughPatch100/twod.zarr/rLowC/
Iso3kmlowU10Amp305f141B059MixRoughPatch100/twod.zarr/rLowC/.zarray
Iso3kmlowU10Amp305f141B059MixRoughPatch100/twod.zarr/rLowC/.zattrs
Iso3kmlowU10Amp305f141B059MixRoughPatch100/twod.zarr/rLowC/0.0
Iso3kmlowU10Amp305f141B059MixRoughPatch100/twod.zarr/rLowS/
Iso3kmlowU10Amp305f141B059MixRoughPatch100/twod.zarr/rLowS/.zarray
Iso3kmlowU10Amp305f141B059MixRoughPatch100/twod.zarr/rLowS/.zattrs
Iso3kmlowU10Amp305f141B059MixRoughPatch100/twod.zarr/rLowS/0.0
Iso3kmlowU10Amp305f141B059MixRoughPatch100/twod.zarr/rLowW/
Iso3kmlowU10Amp305f141B059MixRoughPatch100/twod.zarr/rLowW/.zarray
Iso3kmlowU10Amp305f141B059MixRoughPatch100/twod.zarr/rLowW/.zattrs
Iso3kmlowU10Amp305f141B059MixRoughPatch100/twod.zarr/rLowW/0.0
Iso3kmlowU10Amp305f141B059MixRoughPatch100/twod.zarr/rSurfC/
Iso3kmlowU10Amp305f141B059MixRoughPatch100/twod.zarr/rSurfC/.zarray
Iso3kmlowU10Amp305f141B059MixRoughPatch100/twod.zarr/rSurfC/.zattrs
Iso3kmlowU10Amp305f141B059MixRoughPatch100/twod.zarr/rSurfC/0.0
Iso3kmlowU10Amp305f141B059MixRoughPatch100/twod.zarr/rSurfS/
Iso3kmlowU10Amp305f141B059MixRoughPatch100/twod.zarr/rSurfS/.zarray
Iso3kmlowU10Amp305f141B059MixRoughPatch100/twod.zarr/rSurfS/.zattrs
Iso3kmlowU10Amp305f141B059MixRoughPatch100/twod.zarr/rSurfS/0.0
Iso3kmlowU10Amp305f141B059MixRoughPatch100/twod.zarr/rSurfW/
Iso3kmlowU10Amp305f141B059MixRoughPatch100/twod.zarr/rSurfW/.zarray
Iso3kmlowU10Amp305f141B059MixRoughPatch100/twod.zarr/rSurfW/.zattrs
Iso3kmlowU10Amp305f141B059MixRoughPatch100/twod.zarr/rSurfW/0.0
Iso3kmlowU10Amp305f141B059MixRoughPatch100/twod.zarr/rhoRef/
Iso3kmlowU10Amp305f141B059MixRoughPatch100/twod.zarr/rhoRef/.zarray
Iso3kmlowU10Amp305f141B059MixRoughPatch100/twod.zarr/rhoRef/.zattrs
Iso3kmlowU10Amp305f141B059MixRoughPatch100/twod.zarr/rhoRef/0
Iso3kmlowU10Amp305f141B059MixRoughPatch100/twod.zarr/time/
Iso3kmlowU10Amp305f141B059MixRoughPatch100/twod.zarr/time/.zarray
Iso3kmlowU10Amp305f141B059MixRoughPatch100/twod.zarr/time/.zattrs
Iso3kmlowU10Amp305f141B059MixRoughPatch100/twod.zarr/time/0
Iso3kmlowU10Amp305f141B059MixRoughPatch100/workMean.zarr/
Iso3kmlowU10Amp305f141B059MixRoughPatch100/workMean.zarr/.zattrs
Iso3kmlowU10Amp305f141B059MixRoughPatch100/workMean.zarr/.zgroup
Iso3kmlowU10Amp305f141B059MixRoughPatch100/workMean.zarr/PHrefC/
Iso3kmlowU10Amp305f141B059MixRoughPatch100/workMean.zarr/PHrefC/.zarray
Iso3kmlowU10Amp305f141B059MixRoughPatch100/workMean.zarr/PHrefC/.zattrs
Iso3kmlowU10Amp305f141B059MixRoughPatch100/workMean.zarr/drF/
Iso3kmlowU10Amp305f141B059MixRoughPatch100/workMean.zarr/drF/.zarray
Iso3kmlowU10Amp305f141B059MixRoughPatch100/workMean.zarr/drF/.zattrs
Iso3kmlowU10Amp305f141B059MixRoughPatch100/workMean.zarr/iter/
Iso3kmlowU10Amp305f141B059MixRoughPatch100/workMean.zarr/iter/.zarray
Iso3kmlowU10Amp305f141B059MixRoughPatch100/workMean.zarr/iter/.zattrs
Iso3kmlowU10Amp305f141B059MixRoughPatch100/workMean.zarr/work/
Iso3kmlowU10Amp305f141B059MixRoughPatch100/workMean.zarr/work/.zarray
Iso3kmlowU10Amp305f141B059MixRoughPatch100/workMean.zarr/work/.zattrs

sent 155,093,838 bytes  received 562,180 bytes  12,452,481.44 bytes/sec
total size is 338,797,843  speedup is 2.18
